Importer Log Report
Document: C:\Users\QSET\Documents\SAT Hardware Files\pcbs\QSET_Boards\batterypack\batterypack.kicad_pcb
    Section : Analyze Document from - C:\Users\QSET\Documents\SAT Hardware Files\pcbs\QSET_Boards\batterypack\batterypack.kicad_pcb
        Warning: Module with empty Reference found; fake reference'Un0' generated for module module.
        Warning: Module with empty Reference found; fake reference'Un1' generated for module module.
        Warning: Module with empty Reference found; fake reference'Un2' generated for module module.
        Warning: Module with empty Reference found; fake reference'Un3' generated for module module.
        Warning: Module with empty Reference found; fake reference'Un4' generated for module module.
        Warning: Module with empty Reference found; fake reference'Un5' generated for module module.
        Warning: Module with empty Reference found; fake reference'Un6' generated for module module.
        Warning: Module with empty Reference found; fake reference'Un7' generated for module module.
        Warning: Module with empty Reference found; fake reference'Un8' generated for module module.
        Warning: Module with empty Reference found; fake reference'Un9' generated for module module.
        Warning: Module with empty Reference found; fake reference'Un10' generated for module module.
        Warning: Module with empty Reference found; fake reference'Un11' generated for module module.
        Warning: Module with empty Reference found; fake reference'Un12' generated for module module.
        Warning: Module with empty Reference found; fake reference'Un13' generated for module module.
    EndSection
    Section : Import Document - C:\Users\QSET\Documents\SAT Hardware Files\pcbs\Altium\QSET_Boards\batterypack\Imported batterypack\batterypack(1).PcbDoc
        Error: Import is not implemented for: KiCadLib.PCB.PCBLine
        Error: Import is not implemented for: KiCadLib.PCB.PCBLine
        Error: Import is not implemented for: KiCadLib.PCB.PCBLine
        Error: Import is not implemented for: KiCadLib.PCB.PCBLine
        Error: Import is not implemented for: KiCadLib.PCB.PCBLine
        Error: Import is not implemented for: KiCadLib.PCB.PCBLine
        Error: Import is not implemented for: KiCadLib.PCB.PCBLine
        Error: Import is not implemented for: KiCadLib.PCB.PCBLine
        Error: Import is not implemented for: KiCadLib.PCB.PCBLine
        Error: Import is not implemented for: KiCadLib.PCB.PCBLine
        Error: Import is not implemented for: KiCadLib.PCB.PCBLine
        Error: Import is not implemented for: KiCadLib.PCB.PCBLine
        Error: Import is not implemented for: KiCadLib.PCB.PCBLine
        Error: Import is not implemented for: KiCadLib.PCB.PCBLine
        Error: Import is not implemented for: KiCadLib.PCB.PCBLine
        Error: Import is not implemented for: KiCadLib.PCB.PCBLine
        Error: Import is not implemented for: KiCadLib.PCB.PCBLine
        Error: Import is not implemented for: KiCadLib.PCB.PCBLine
        Error: Import is not implemented for: KiCadLib.PCB.PCBLine
        Error: Import is not implemented for: KiCadLib.PCB.PCBLine
        Error: Import is not implemented for: KiCadLib.PCB.PCBLine
        Error: Import is not implemented for: KiCadLib.PCB.PCBLine
        Error: Import is not implemented for: KiCadLib.PCB.PCBLine
        Error: Import is not implemented for: KiCadLib.PCB.PCBLine
        Error: Import is not implemented for: KiCadLib.PCB.PCBLine
        Error: Import is not implemented for: KiCadLib.PCB.PCBLine
        Error: Import is not implemented for: KiCadLib.PCB.PCBLine
        Error: Import is not implemented for: KiCadLib.PCB.PCBLine
        Error: Import is not implemented for: KiCadLib.PCB.PCBLine
        Error: Import is not implemented for: KiCadLib.PCB.PCBLine
        Error: Import is not implemented for: KiCadLib.PCB.PCBLine
        Error: Import is not implemented for: KiCadLib.PCB.PCBLine
        Error: Import is not implemented for: KiCadLib.PCB.PCBLine
        Error: Import is not implemented for: KiCadLib.PCB.PCBLine
        Error: Import is not implemented for: KiCadLib.PCB.PCBLine
        Error: Import is not implemented for: KiCadLib.PCB.PCBLine
        Error: Import is not implemented for: KiCadLib.PCB.PCBLine
        Error: Import is not implemented for: KiCadLib.PCB.PCBLine
        Error: Import is not implemented for: KiCadLib.PCB.PCBLine
        Error: Import is not implemented for: KiCadLib.PCB.PCBLine
        Error: Import is not implemented for: KiCadLib.PCB.PCBLine
        Error: Import is not implemented for: KiCadLib.PCB.PCBLine
        Error: Import is not implemented for: KiCadLib.PCB.PCBLine
        Error: Import is not implemented for: KiCadLib.PCB.PCBLine
        Error: Import is not implemented for: KiCadLib.PCB.PCBLine
        Error: Import is not implemented for: KiCadLib.PCB.PCBLine
        Error: Import is not implemented for: KiCadLib.PCB.PCBLine
        Error: Import is not implemented for: KiCadLib.PCB.PCBLine
        Error: Import is not implemented for: KiCadLib.PCB.PCBLine
        Error: Import is not implemented for: KiCadLib.PCB.PCBLine
        Error: Import is not implemented for: KiCadLib.PCB.PCBLine
        Error: Import is not implemented for: KiCadLib.PCB.PCBLine
        Section : Component Un0 importing.
        EndSection
        Section : Component Un1 importing.
        EndSection
        Section : Component Un2 importing.
        EndSection
        Section : Component Un3 importing.
        EndSection
        Section : Component Un4 importing.
        EndSection
        Section : Component Un9 importing.
        EndSection
        Section : Component Un10 importing.
        EndSection
        Section : Component Un11 importing.
        EndSection
        Section : Component Un12 importing.
        EndSection
        Section : Component Un13 importing.
        EndSection
    EndSection
