Importer Log Report
Document: C:\Users\QSET\Documents\SAT Hardware Files\pcbs\ADCS_Boards\rwl-db\Footprints_QSAT.pretty
    Section : Import Document - C:\Users\QSET\Documents\SAT Hardware Files\pcbs\Altium\ADCS_Boards\rwl-db\Imported ReactionWheelPCB\Footprints_QSAT.PcbLib
        Section : Component REF** importing.
        EndSection
        Section : Component REF** importing.
        EndSection
        Section : Component REF** importing.
        EndSection
        Section : Component REF** importing.
        EndSection
        Section : Component REF** importing.
        EndSection
        Section : Component REF** importing.
        EndSection
        Section : Component REF** importing.
        EndSection
        Section : Component REF** importing.
        EndSection
        Section : Component REF** importing.
        EndSection
        Section : Component REF** importing.
        EndSection
        Section : Component REF** importing.
        EndSection
        Section : Component REF** importing.
        EndSection
        Section : Component REF** importing.
        EndSection
        Section : Component REF** importing.
        EndSection
        Section : Component REF** importing.
        EndSection
        Section : Component J1 importing.
        EndSection
        Section : Component REF** importing.
        EndSection
        Section : Component REF** importing.
        EndSection
    EndSection
