Importer Log Report
Document: C:\Users\QSET\Documents\SAT Hardware Files\pcbs\COMM_Boards\comm-rfb\comm-rfb.kicad_sch
    Section : Loading Schematic - C:\Users\QSET\Documents\SAT Hardware Files\pcbs\COMM_Boards\comm-rfb\comm-rfb.kicad_sch
        Warning: Unknown child uuid of no_connect.
        Warning: Unknown child uuid of no_connect.
        Warning: Unknown child uuid of no_connect.
        Warning: Unknown child uuid of no_connect.
        Warning: Unknown child uuid of no_connect.
        Warning: Unknown child uuid of no_connect.
        Warning: Unknown child uuid of no_connect.
        Warning: Unknown child uuid of no_connect.
        Warning: Unknown child uuid of no_connect.
        Warning: Unknown child uuid of no_connect.
        Warning: Unknown child uuid of no_connect.
        Warning: Unknown child uuid of no_connect.
        Warning: Unknown child uuid of no_connect.
        Warning: Unknown child uuid of no_connect.
        Warning: Unknown child uuid of no_connect.
        Warning: Unknown child uuid of no_connect.
        Warning: Unknown child uuid of no_connect.
        Warning: Unknown child uuid of no_connect.
        Warning: Unknown child uuid of no_connect.
        Warning: Unknown child uuid of no_connect.
        Warning: Unknown child uuid of no_connect.
        Warning: Unknown child uuid of no_connect.
        Warning: Unknown child uuid of no_connect.
        Warning: Unknown child uuid of no_connect.
        Warning: Unknown child uuid of no_connect.
        Warning: Unknown child uuid of no_connect.
        Warning: Unknown child uuid of no_connect.
        Warning: Unknown child uuid of no_connect.
        Warning: Unknown child uuid of no_connect.
        Warning: Unknown child uuid of no_connect.
        Warning: Unknown child uuid of no_connect.
        Warning: Unknown child uuid of no_connect.
        Warning: Unknown child uuid of no_connect.
        Warning: Unknown child uuid of no_connect.
        Warning: Unknown child uuid of no_connect.
        Warning: Unknown child uuid of no_connect.
        Warning: Unknown child uuid of no_connect.
        Warning: Unknown child uuid of no_connect.
        Warning: Unknown child uuid of no_connect.
        Warning: Unknown child uuid of no_connect.
        Warning: Unknown child uuid of no_connect.
        Warning: Unknown child uuid of no_connect.
        Warning: Unknown child uuid of no_connect.
        Warning: Unknown child uuid of no_connect.
        Warning: Unknown child uuid of no_connect.
        Warning: Unknown child uuid of no_connect.
        Warning: Unknown child uuid of no_connect.
        Warning: Unknown child uuid of no_connect.
        Warning: Unknown child uuid of no_connect.
        Warning: Unknown child uuid of no_connect.
        Warning: Unknown child uuid of no_connect.
        Warning: Unknown child uuid of no_connect.
        Warning: Unknown child uuid of no_connect.
        Warning: Unknown child uuid of no_connect.
        Warning: Unknown child uuid of no_connect.
        Warning: Unknown child uuid of no_connect.
        Warning: Unknown child uuid of no_connect.
        Warning: Unknown child uuid of no_connect.
        Warning: Unknown child uuid of no_connect.
        Warning: Unknown child uuid of no_connect.
        Warning: Unknown child uuid of no_connect.
        Warning: Unknown child uuid of no_connect.
        Warning: Unknown child uuid of no_connect.
        Warning: Unknown child uuid of no_connect.
        Warning: Unknown child uuid of no_connect.
        Warning: Unknown child uuid of no_connect.
        Warning: Unknown child uuid of no_connect.
        Warning: Unknown child uuid of no_connect.
        Warning: Unknown child uuid of no_connect.
        Warning: Unknown child uuid of no_connect.
        Warning: Unknown child uuid of no_connect.
        Warning: Unknown child uuid of no_connect.
        Warning: Unknown child uuid of no_connect.
        Warning: Unknown child uuid of no_connect.
        Warning: Unknown child uuid of no_connect.
        Warning: Unknown child uuid of no_connect.
        Warning: Unknown child uuid of no_connect.
        Warning: Unknown child uuid of no_connect.
        Warning: Unknown child uuid of no_connect.
        Warning: Unknown child uuid of no_connect.
        Warning: Unknown child uuid of no_connect.
        Warning: Unknown child uuid of no_connect.
        Warning: Unknown child uuid of no_connect.
        Warning: Unknown child uuid of no_connect.
        Warning: Unknown child uuid of no_connect.
        Warning: Unknown child uuid of no_connect.
        Warning: Unknown child uuid of no_connect.
        Warning: Unknown child uuid of no_connect.
        Warning: Unknown child uuid of no_connect.
        Warning: Unknown child uuid of no_connect.
        Warning: Unknown child uuid of no_connect.
        Warning: Unknown child uuid of no_connect.
        Warning: Unknown child fields_autoplaced of sheet.
        Warning: Unknown child fields_autoplaced of sheet.
        Warning: Unknown child fields_autoplaced of sheet.
        Warning: Unknown child fields_autoplaced of sheet.
    EndSection
    Section : Loading Schematic - C:\Users\QSET\Documents\SAT Hardware Files\pcbs\COMM_Boards\comm-rfb\testconnectors.kicad_sch
        Warning: Unknown child uuid of no_connect.
        Warning: Unknown child uuid of no_connect.
    EndSection
    Section : Loading Schematic - C:\Users\QSET\Documents\SAT Hardware Files\pcbs\COMM_Boards\comm-rfb\rffrontend.kicad_sch
        Warning: Unknown child uuid of no_connect.
    EndSection
    Section : Loading Schematic - C:\Users\QSET\Documents\SAT Hardware Files\pcbs\COMM_Boards\comm-rfb\radioevaluationboardconnectors.kicad_sch
        Warning: Unknown child uuid of no_connect.
        Warning: Unknown child uuid of no_connect.
        Warning: Unknown child uuid of no_connect.
        Warning: Unknown child uuid of no_connect.
        Warning: Unknown child uuid of no_connect.
        Warning: Unknown child uuid of no_connect.
        Warning: Unknown child uuid of no_connect.
        Warning: Unknown child uuid of no_connect.
        Warning: Unknown child uuid of no_connect.
        Warning: Unknown child uuid of no_connect.
        Warning: Unknown child uuid of no_connect.
        Warning: Unknown child uuid of no_connect.
        Warning: Unknown child uuid of no_connect.
        Warning: Unknown child uuid of no_connect.
        Warning: Unknown child uuid of no_connect.
        Warning: Unknown child uuid of no_connect.
        Warning: Unknown child uuid of no_connect.
        Warning: Unknown child uuid of no_connect.
        Warning: Unknown child uuid of no_connect.
        Warning: Unknown child uuid of no_connect.
        Warning: Unknown child uuid of no_connect.
        Warning: Unknown child uuid of no_connect.
        Warning: Unknown child uuid of no_connect.
        Warning: Unknown child uuid of no_connect.
        Warning: Unknown child uuid of no_connect.
        Warning: Unknown child uuid of no_connect.
        Warning: Unknown child uuid of no_connect.
        Warning: Unknown child uuid of no_connect.
        Warning: Unknown child uuid of no_connect.
        Warning: Unknown child uuid of no_connect.
        Warning: Unknown child uuid of no_connect.
        Warning: Unknown child uuid of no_connect.
        Warning: Unknown child uuid of no_connect.
        Warning: Unknown child uuid of no_connect.
        Warning: Unknown child uuid of no_connect.
        Warning: Unknown child uuid of no_connect.
        Warning: Unknown child uuid of no_connect.
        Warning: Unknown child uuid of no_connect.
        Warning: Unknown child uuid of no_connect.
        Warning: Unknown child uuid of no_connect.
        Warning: Unknown child uuid of no_connect.
        Warning: Unknown child uuid of no_connect.
        Warning: Unknown child uuid of no_connect.
        Warning: Unknown child uuid of no_connect.
        Warning: Unknown child uuid of no_connect.
        Warning: Unknown child uuid of no_connect.
        Warning: Unknown child uuid of no_connect.
        Warning: Unknown child uuid of no_connect.
        Warning: Unknown child uuid of no_connect.
        Warning: Unknown child uuid of no_connect.
        Warning: Unknown child uuid of no_connect.
        Warning: Unknown child uuid of no_connect.
        Warning: Unknown child uuid of no_connect.
        Warning: Unknown child uuid of no_connect.
        Warning: Unknown child uuid of no_connect.
        Warning: Unknown child uuid of no_connect.
        Warning: Unknown child uuid of no_connect.
        Warning: Unknown child uuid of no_connect.
        Warning: Unknown child uuid of no_connect.
        Warning: Unknown child uuid of no_connect.
    EndSection
    Section : Loading Schematic - C:\Users\QSET\Documents\SAT Hardware Files\pcbs\COMM_Boards\comm-rfb\voltageconverter.kicad_sch
    EndSection
    Section : Loading Schematic - C:\Users\QSET\Documents\SAT Hardware Files\pcbs\COMM_Boards\comm-rfb\temperaturesensor.kicad_sch
    EndSection
    Section : Loading Schematic - C:\Users\QSET\Documents\SAT Hardware Files\pcbs\COMM_Boards\comm-rfb\comm-rfb.kicad_sch
        Warning: Unknown child uuid of no_connect.
        Warning: Unknown child uuid of no_connect.
        Warning: Unknown child uuid of no_connect.
        Warning: Unknown child uuid of no_connect.
        Warning: Unknown child uuid of no_connect.
        Warning: Unknown child uuid of no_connect.
        Warning: Unknown child uuid of no_connect.
        Warning: Unknown child uuid of no_connect.
        Warning: Unknown child uuid of no_connect.
        Warning: Unknown child uuid of no_connect.
        Warning: Unknown child uuid of no_connect.
        Warning: Unknown child uuid of no_connect.
        Warning: Unknown child uuid of no_connect.
        Warning: Unknown child uuid of no_connect.
        Warning: Unknown child uuid of no_connect.
        Warning: Unknown child uuid of no_connect.
        Warning: Unknown child uuid of no_connect.
        Warning: Unknown child uuid of no_connect.
        Warning: Unknown child uuid of no_connect.
        Warning: Unknown child uuid of no_connect.
        Warning: Unknown child uuid of no_connect.
        Warning: Unknown child uuid of no_connect.
        Warning: Unknown child uuid of no_connect.
        Warning: Unknown child uuid of no_connect.
        Warning: Unknown child uuid of no_connect.
        Warning: Unknown child uuid of no_connect.
        Warning: Unknown child uuid of no_connect.
        Warning: Unknown child uuid of no_connect.
        Warning: Unknown child uuid of no_connect.
        Warning: Unknown child uuid of no_connect.
        Warning: Unknown child uuid of no_connect.
        Warning: Unknown child uuid of no_connect.
        Warning: Unknown child uuid of no_connect.
        Warning: Unknown child uuid of no_connect.
        Warning: Unknown child uuid of no_connect.
        Warning: Unknown child uuid of no_connect.
        Warning: Unknown child uuid of no_connect.
        Warning: Unknown child uuid of no_connect.
        Warning: Unknown child uuid of no_connect.
        Warning: Unknown child uuid of no_connect.
        Warning: Unknown child uuid of no_connect.
        Warning: Unknown child uuid of no_connect.
        Warning: Unknown child uuid of no_connect.
        Warning: Unknown child uuid of no_connect.
        Warning: Unknown child uuid of no_connect.
        Warning: Unknown child uuid of no_connect.
        Warning: Unknown child uuid of no_connect.
        Warning: Unknown child uuid of no_connect.
        Warning: Unknown child uuid of no_connect.
        Warning: Unknown child uuid of no_connect.
        Warning: Unknown child uuid of no_connect.
        Warning: Unknown child uuid of no_connect.
        Warning: Unknown child uuid of no_connect.
        Warning: Unknown child uuid of no_connect.
        Warning: Unknown child uuid of no_connect.
        Warning: Unknown child uuid of no_connect.
        Warning: Unknown child uuid of no_connect.
        Warning: Unknown child uuid of no_connect.
        Warning: Unknown child uuid of no_connect.
        Warning: Unknown child uuid of no_connect.
        Warning: Unknown child uuid of no_connect.
        Warning: Unknown child uuid of no_connect.
        Warning: Unknown child uuid of no_connect.
        Warning: Unknown child uuid of no_connect.
        Warning: Unknown child uuid of no_connect.
        Warning: Unknown child uuid of no_connect.
        Warning: Unknown child uuid of no_connect.
        Warning: Unknown child uuid of no_connect.
        Warning: Unknown child uuid of no_connect.
        Warning: Unknown child uuid of no_connect.
        Warning: Unknown child uuid of no_connect.
        Warning: Unknown child uuid of no_connect.
        Warning: Unknown child uuid of no_connect.
        Warning: Unknown child uuid of no_connect.
        Warning: Unknown child uuid of no_connect.
        Warning: Unknown child uuid of no_connect.
        Warning: Unknown child uuid of no_connect.
        Warning: Unknown child uuid of no_connect.
        Warning: Unknown child uuid of no_connect.
        Warning: Unknown child uuid of no_connect.
        Warning: Unknown child uuid of no_connect.
        Warning: Unknown child uuid of no_connect.
        Warning: Unknown child uuid of no_connect.
        Warning: Unknown child uuid of no_connect.
        Warning: Unknown child uuid of no_connect.
        Warning: Unknown child uuid of no_connect.
        Warning: Unknown child uuid of no_connect.
        Warning: Unknown child uuid of no_connect.
        Warning: Unknown child uuid of no_connect.
        Warning: Unknown child uuid of no_connect.
        Warning: Unknown child uuid of no_connect.
        Warning: Unknown child uuid of no_connect.
        Warning: Unknown child fields_autoplaced of sheet.
        Warning: Unknown child fields_autoplaced of sheet.
        Warning: Unknown child fields_autoplaced of sheet.
        Warning: Unknown child fields_autoplaced of sheet.
    EndSection
    Section : Loading Schematic - C:\Users\QSET\Documents\SAT Hardware Files\pcbs\COMM_Boards\comm-rfb\testconnectors.kicad_sch
        Warning: Unknown child uuid of no_connect.
        Warning: Unknown child uuid of no_connect.
    EndSection
    Section : Loading Schematic - C:\Users\QSET\Documents\SAT Hardware Files\pcbs\COMM_Boards\comm-rfb\rffrontend.kicad_sch
        Warning: Unknown child uuid of no_connect.
    EndSection
    Section : Loading Schematic - C:\Users\QSET\Documents\SAT Hardware Files\pcbs\COMM_Boards\comm-rfb\radioevaluationboardconnectors.kicad_sch
        Warning: Unknown child uuid of no_connect.
        Warning: Unknown child uuid of no_connect.
        Warning: Unknown child uuid of no_connect.
        Warning: Unknown child uuid of no_connect.
        Warning: Unknown child uuid of no_connect.
        Warning: Unknown child uuid of no_connect.
        Warning: Unknown child uuid of no_connect.
        Warning: Unknown child uuid of no_connect.
        Warning: Unknown child uuid of no_connect.
        Warning: Unknown child uuid of no_connect.
        Warning: Unknown child uuid of no_connect.
        Warning: Unknown child uuid of no_connect.
        Warning: Unknown child uuid of no_connect.
        Warning: Unknown child uuid of no_connect.
        Warning: Unknown child uuid of no_connect.
        Warning: Unknown child uuid of no_connect.
        Warning: Unknown child uuid of no_connect.
        Warning: Unknown child uuid of no_connect.
        Warning: Unknown child uuid of no_connect.
        Warning: Unknown child uuid of no_connect.
        Warning: Unknown child uuid of no_connect.
        Warning: Unknown child uuid of no_connect.
        Warning: Unknown child uuid of no_connect.
        Warning: Unknown child uuid of no_connect.
        Warning: Unknown child uuid of no_connect.
        Warning: Unknown child uuid of no_connect.
        Warning: Unknown child uuid of no_connect.
        Warning: Unknown child uuid of no_connect.
        Warning: Unknown child uuid of no_connect.
        Warning: Unknown child uuid of no_connect.
        Warning: Unknown child uuid of no_connect.
        Warning: Unknown child uuid of no_connect.
        Warning: Unknown child uuid of no_connect.
        Warning: Unknown child uuid of no_connect.
        Warning: Unknown child uuid of no_connect.
        Warning: Unknown child uuid of no_connect.
        Warning: Unknown child uuid of no_connect.
        Warning: Unknown child uuid of no_connect.
        Warning: Unknown child uuid of no_connect.
        Warning: Unknown child uuid of no_connect.
        Warning: Unknown child uuid of no_connect.
        Warning: Unknown child uuid of no_connect.
        Warning: Unknown child uuid of no_connect.
        Warning: Unknown child uuid of no_connect.
        Warning: Unknown child uuid of no_connect.
        Warning: Unknown child uuid of no_connect.
        Warning: Unknown child uuid of no_connect.
        Warning: Unknown child uuid of no_connect.
        Warning: Unknown child uuid of no_connect.
        Warning: Unknown child uuid of no_connect.
        Warning: Unknown child uuid of no_connect.
        Warning: Unknown child uuid of no_connect.
        Warning: Unknown child uuid of no_connect.
        Warning: Unknown child uuid of no_connect.
        Warning: Unknown child uuid of no_connect.
        Warning: Unknown child uuid of no_connect.
        Warning: Unknown child uuid of no_connect.
        Warning: Unknown child uuid of no_connect.
        Warning: Unknown child uuid of no_connect.
        Warning: Unknown child uuid of no_connect.
    EndSection
    Section : Loading Schematic - C:\Users\QSET\Documents\SAT Hardware Files\pcbs\COMM_Boards\comm-rfb\voltageconverter.kicad_sch
    EndSection
    Section : Loading Schematic - C:\Users\QSET\Documents\SAT Hardware Files\pcbs\COMM_Boards\comm-rfb\temperaturesensor.kicad_sch
    EndSection
