Importer Log Report
Document: C:\Users\QSET\Documents\SAT Hardware Files\pcbs\COMM_Boards\antenna-db\antenna-db.kicad_sch
    Section : Loading Schematic - C:\Users\QSET\Documents\SAT Hardware Files\pcbs\COMM_Boards\antenna-db\antenna-db.kicad_sch
        Warning: Unknown child uuid of no_connect.
        Warning: Unknown child uuid of no_connect.
        Warning: Unknown child uuid of no_connect.
        Warning: Unknown child uuid of no_connect.
        Warning: Unknown child uuid of no_connect.
        Warning: Unknown child uuid of no_connect.
        Warning: Unknown child uuid of no_connect.
        Warning: Unknown child uuid of no_connect.
        Warning: Unknown child uuid of no_connect.
        Warning: Unknown child uuid of no_connect.
        Warning: Unknown child uuid of no_connect.
        Warning: Unknown child uuid of no_connect.
        Warning: Unknown child uuid of no_connect.
        Warning: Unknown child uuid of no_connect.
        Warning: Unknown child uuid of no_connect.
        Warning: Unknown child uuid of no_connect.
        Warning: Unknown child uuid of no_connect.
        Warning: Unknown child uuid of no_connect.
        Warning: Unknown child uuid of no_connect.
        Warning: Unknown child uuid of no_connect.
        Warning: Unknown child uuid of no_connect.
        Warning: Unknown child uuid of no_connect.
        Warning: Unknown child uuid of no_connect.
        Warning: Unknown child uuid of no_connect.
        Warning: Unknown child uuid of no_connect.
        Warning: Unknown child uuid of no_connect.
        Warning: Unknown child uuid of no_connect.
        Warning: Unknown child uuid of no_connect.
        Warning: Unknown child fields_autoplaced of sheet.
    EndSection
    Section : Loading Schematic - C:\Users\QSET\Documents\SAT Hardware Files\pcbs\COMM_Boards\antenna-db\mounting_holes.kicad_sch
    EndSection
    Section : Loading Schematic - C:\Users\QSET\Documents\SAT Hardware Files\pcbs\COMM_Boards\antenna-db\antenna-db.kicad_sch
        Warning: Unknown child uuid of no_connect.
        Warning: Unknown child uuid of no_connect.
        Warning: Unknown child uuid of no_connect.
        Warning: Unknown child uuid of no_connect.
        Warning: Unknown child uuid of no_connect.
        Warning: Unknown child uuid of no_connect.
        Warning: Unknown child uuid of no_connect.
        Warning: Unknown child uuid of no_connect.
        Warning: Unknown child uuid of no_connect.
        Warning: Unknown child uuid of no_connect.
        Warning: Unknown child uuid of no_connect.
        Warning: Unknown child uuid of no_connect.
        Warning: Unknown child uuid of no_connect.
        Warning: Unknown child uuid of no_connect.
        Warning: Unknown child uuid of no_connect.
        Warning: Unknown child uuid of no_connect.
        Warning: Unknown child uuid of no_connect.
        Warning: Unknown child uuid of no_connect.
        Warning: Unknown child uuid of no_connect.
        Warning: Unknown child uuid of no_connect.
        Warning: Unknown child uuid of no_connect.
        Warning: Unknown child uuid of no_connect.
        Warning: Unknown child uuid of no_connect.
        Warning: Unknown child uuid of no_connect.
        Warning: Unknown child uuid of no_connect.
        Warning: Unknown child uuid of no_connect.
        Warning: Unknown child uuid of no_connect.
        Warning: Unknown child uuid of no_connect.
        Warning: Unknown child fields_autoplaced of sheet.
    EndSection
    Section : Loading Schematic - C:\Users\QSET\Documents\SAT Hardware Files\pcbs\COMM_Boards\antenna-db\mounting_holes.kicad_sch
    EndSection
